[2022-07-07 09:21:24] local.ERROR: SQLSTATE[42S02]: Base table or view not found: 1146 Table 'l2jls.users' doesn't exist (SQL: select count(*) as aggregate from `users` where `email` = email@email.com) {"exception":"[object] (Illuminate\\Database\\QueryException(code: 42S02): SQLSTATE[42S02]: Base table or view not found: 1146 Table 'l2jls.users' doesn't exist (SQL: select count(*) as aggregate from `users` where `email` = email@email.com) at D:\\xampp\\htdocs\\l2euforia-api\\vendor\\illuminate\\database\\Connection.php:759)
[stacktrace]
#0 D:\\xampp\\htdocs\\l2euforia-api\\vendor\\illuminate\\database\\Connection.php(719): Illuminate\\Database\\Connection->runQueryCallback('select count(*)...', Array, Object(Closure))
#1 D:\\xampp\\htdocs\\l2euforia-api\\vendor\\illuminate\\database\\Connection.php(421): Illuminate\\Database\\Connection->run('select count(*)...', Array, Object(Closure))
#2 D:\\xampp\\htdocs\\l2euforia-api\\vendor\\illuminate\\database\\Query\\Builder.php(2630): Illuminate\\Database\\Connection->select('select count(*)...', Array, false)
#3 D:\\xampp\\htdocs\\l2euforia-api\\vendor\\illuminate\\database\\Query\\Builder.php(2618): Illuminate\\Database\\Query\\Builder->runSelect()
#4 D:\\xampp\\htdocs\\l2euforia-api\\vendor\\illuminate\\database\\Query\\Builder.php(3154): Illuminate\\Database\\Query\\Builder->Illuminate\\Database\\Query\\{closure}()
#5 D:\\xampp\\htdocs\\l2euforia-api\\vendor\\illuminate\\database\\Query\\Builder.php(2619): Illuminate\\Database\\Query\\Builder->onceWithColumns(Array, Object(Closure))
#6 D:\\xampp\\htdocs\\l2euforia-api\\vendor\\illuminate\\database\\Query\\Builder.php(3081): Illuminate\\Database\\Query\\Builder->get(Array)
#7 D:\\xampp\\htdocs\\l2euforia-api\\vendor\\illuminate\\database\\Query\\Builder.php(3009): Illuminate\\Database\\Query\\Builder->aggregate('count', Array)
#8 D:\\xampp\\htdocs\\l2euforia-api\\vendor\\illuminate\\validation\\DatabasePresenceVerifier.php(54): Illuminate\\Database\\Query\\Builder->count()
#9 D:\\xampp\\htdocs\\l2euforia-api\\vendor\\illuminate\\validation\\Concerns\\ValidatesAttributes.php(855): Illuminate\\Validation\\DatabasePresenceVerifier->getCount('users', 'email', 'email@email.com', NULL, NULL, Array)
#10 D:\\xampp\\htdocs\\l2euforia-api\\vendor\\illuminate\\validation\\Validator.php(609): Illuminate\\Validation\\Validator->validateUnique('email', 'email@email.com', Array, Object(Illuminate\\Validation\\Validator))
#11 D:\\xampp\\htdocs\\l2euforia-api\\vendor\\illuminate\\validation\\Validator.php(415): Illuminate\\Validation\\Validator->validateAttribute('email', 'Unique')
#12 D:\\xampp\\htdocs\\l2euforia-api\\vendor\\illuminate\\validation\\Validator.php(446): Illuminate\\Validation\\Validator->passes()
#13 D:\\xampp\\htdocs\\l2euforia-api\\vendor\\laravel\\lumen-framework\\src\\Routing\\ProvidesConvenienceMethods.php(67): Illuminate\\Validation\\Validator->fails()
#14 D:\\xampp\\htdocs\\l2euforia-api\\app\\Http\\Controllers\\AuthController.php(63): Laravel\\Lumen\\Routing\\Controller->validate(Object(Laravel\\Lumen\\Http\\Request), Array)
#15 D:\\xampp\\htdocs\\l2euforia-api\\vendor\\illuminate\\container\\BoundMethod.php(36): App\\Http\\Controllers\\AuthController->register(Object(Laravel\\Lumen\\Http\\Request))
#16 D:\\xampp\\htdocs\\l2euforia-api\\vendor\\illuminate\\container\\Util.php(41): Illuminate\\Container\\BoundMethod::Illuminate\\Container\\{closure}()
#17 D:\\xampp\\htdocs\\l2euforia-api\\vendor\\illuminate\\container\\BoundMethod.php(93): Illuminate\\Container\\Util::unwrapIfClosure(Object(Closure))
#18 D:\\xampp\\htdocs\\l2euforia-api\\vendor\\illuminate\\container\\BoundMethod.php(37): Illuminate\\Container\\BoundMethod::callBoundMethod(Object(Laravel\\Lumen\\Application), Array, Object(Closure))
#19 D:\\xampp\\htdocs\\l2euforia-api\\vendor\\illuminate\\container\\Container.php(651): Illuminate\\Container\\BoundMethod::call(Object(Laravel\\Lumen\\Application), Array, Array, NULL)
#20 D:\\xampp\\htdocs\\l2euforia-api\\vendor\\laravel\\lumen-framework\\src\\Concerns\\RoutesRequests.php(389): Illuminate\\Container\\Container->call(Array, Array)
#21 D:\\xampp\\htdocs\\l2euforia-api\\vendor\\laravel\\lumen-framework\\src\\Concerns\\RoutesRequests.php(355): Laravel\\Lumen\\Application->callControllerCallable(Array, Array)
#22 D:\\xampp\\htdocs\\l2euforia-api\\vendor\\laravel\\lumen-framework\\src\\Concerns\\RoutesRequests.php(329): Laravel\\Lumen\\Application->callLumenController(Object(App\\Http\\Controllers\\AuthController), 'register', Array)
#23 D:\\xampp\\htdocs\\l2euforia-api\\vendor\\laravel\\lumen-framework\\src\\Concerns\\RoutesRequests.php(282): Laravel\\Lumen\\Application->callControllerAction(Array)
#24 D:\\xampp\\htdocs\\l2euforia-api\\vendor\\laravel\\lumen-framework\\src\\Concerns\\RoutesRequests.php(267): Laravel\\Lumen\\Application->callActionOnArrayBasedRoute(Array)
#25 D:\\xampp\\htdocs\\l2euforia-api\\vendor\\laravel\\lumen-framework\\src\\Concerns\\RoutesRequests.php(169): Laravel\\Lumen\\Application->handleFoundRoute(Array)
#26 D:\\xampp\\htdocs\\l2euforia-api\\vendor\\laravel\\lumen-framework\\src\\Concerns\\RoutesRequests.php(429): Laravel\\Lumen\\Application->Laravel\\Lumen\\Concerns\\{closure}(Object(Laravel\\Lumen\\Http\\Request))
#27 D:\\xampp\\htdocs\\l2euforia-api\\vendor\\laravel\\lumen-framework\\src\\Concerns\\RoutesRequests.php(175): Laravel\\Lumen\\Application->sendThroughPipeline(Array, Object(Closure))
#28 D:\\xampp\\htdocs\\l2euforia-api\\vendor\\laravel\\lumen-framework\\src\\Concerns\\RoutesRequests.php(112): Laravel\\Lumen\\Application->dispatch(NULL)
#29 D:\\xampp\\htdocs\\l2euforia-api\\public\\index.php(28): Laravel\\Lumen\\Application->run()
#30 {main}

[previous exception] [object] (PDOException(code: 42S02): SQLSTATE[42S02]: Base table or view not found: 1146 Table 'l2jls.users' doesn't exist at D:\\xampp\\htdocs\\l2euforia-api\\vendor\\illuminate\\database\\Connection.php:413)
[stacktrace]
#0 D:\\xampp\\htdocs\\l2euforia-api\\vendor\\illuminate\\database\\Connection.php(413): PDO->prepare('select count(*)...')
#1 D:\\xampp\\htdocs\\l2euforia-api\\vendor\\illuminate\\database\\Connection.php(752): Illuminate\\Database\\Connection->Illuminate\\Database\\{closure}('select count(*)...', Array)
#2 D:\\xampp\\htdocs\\l2euforia-api\\vendor\\illuminate\\database\\Connection.php(719): Illuminate\\Database\\Connection->runQueryCallback('select count(*)...', Array, Object(Closure))
#3 D:\\xampp\\htdocs\\l2euforia-api\\vendor\\illuminate\\database\\Connection.php(421): Illuminate\\Database\\Connection->run('select count(*)...', Array, Object(Closure))
#4 D:\\xampp\\htdocs\\l2euforia-api\\vendor\\illuminate\\database\\Query\\Builder.php(2630): Illuminate\\Database\\Connection->select('select count(*)...', Array, false)
#5 D:\\xampp\\htdocs\\l2euforia-api\\vendor\\illuminate\\database\\Query\\Builder.php(2618): Illuminate\\Database\\Query\\Builder->runSelect()
#6 D:\\xampp\\htdocs\\l2euforia-api\\vendor\\illuminate\\database\\Query\\Builder.php(3154): Illuminate\\Database\\Query\\Builder->Illuminate\\Database\\Query\\{closure}()
#7 D:\\xampp\\htdocs\\l2euforia-api\\vendor\\illuminate\\database\\Query\\Builder.php(2619): Illuminate\\Database\\Query\\Builder->onceWithColumns(Array, Object(Closure))
#8 D:\\xampp\\htdocs\\l2euforia-api\\vendor\\illuminate\\database\\Query\\Builder.php(3081): Illuminate\\Database\\Query\\Builder->get(Array)
#9 D:\\xampp\\htdocs\\l2euforia-api\\vendor\\illuminate\\database\\Query\\Builder.php(3009): Illuminate\\Database\\Query\\Builder->aggregate('count', Array)
#10 D:\\xampp\\htdocs\\l2euforia-api\\vendor\\illuminate\\validation\\DatabasePresenceVerifier.php(54): Illuminate\\Database\\Query\\Builder->count()
#11 D:\\xampp\\htdocs\\l2euforia-api\\vendor\\illuminate\\validation\\Concerns\\ValidatesAttributes.php(855): Illuminate\\Validation\\DatabasePresenceVerifier->getCount('users', 'email', 'email@email.com', NULL, NULL, Array)
#12 D:\\xampp\\htdocs\\l2euforia-api\\vendor\\illuminate\\validation\\Validator.php(609): Illuminate\\Validation\\Validator->validateUnique('email', 'email@email.com', Array, Object(Illuminate\\Validation\\Validator))
#13 D:\\xampp\\htdocs\\l2euforia-api\\vendor\\illuminate\\validation\\Validator.php(415): Illuminate\\Validation\\Validator->validateAttribute('email', 'Unique')
#14 D:\\xampp\\htdocs\\l2euforia-api\\vendor\\illuminate\\validation\\Validator.php(446): Illuminate\\Validation\\Validator->passes()
#15 D:\\xampp\\htdocs\\l2euforia-api\\vendor\\laravel\\lumen-framework\\src\\Routing\\ProvidesConvenienceMethods.php(67): Illuminate\\Validation\\Validator->fails()
#16 D:\\xampp\\htdocs\\l2euforia-api\\app\\Http\\Controllers\\AuthController.php(63): Laravel\\Lumen\\Routing\\Controller->validate(Object(Laravel\\Lumen\\Http\\Request), Array)
#17 D:\\xampp\\htdocs\\l2euforia-api\\vendor\\illuminate\\container\\BoundMethod.php(36): App\\Http\\Controllers\\AuthController->register(Object(Laravel\\Lumen\\Http\\Request))
#18 D:\\xampp\\htdocs\\l2euforia-api\\vendor\\illuminate\\container\\Util.php(41): Illuminate\\Container\\BoundMethod::Illuminate\\Container\\{closure}()
#19 D:\\xampp\\htdocs\\l2euforia-api\\vendor\\illuminate\\container\\BoundMethod.php(93): Illuminate\\Container\\Util::unwrapIfClosure(Object(Closure))
#20 D:\\xampp\\htdocs\\l2euforia-api\\vendor\\illuminate\\container\\BoundMethod.php(37): Illuminate\\Container\\BoundMethod::callBoundMethod(Object(Laravel\\Lumen\\Application), Array, Object(Closure))
#21 D:\\xampp\\htdocs\\l2euforia-api\\vendor\\illuminate\\container\\Container.php(651): Illuminate\\Container\\BoundMethod::call(Object(Laravel\\Lumen\\Application), Array, Array, NULL)
#22 D:\\xampp\\htdocs\\l2euforia-api\\vendor\\laravel\\lumen-framework\\src\\Concerns\\RoutesRequests.php(389): Illuminate\\Container\\Container->call(Array, Array)
#23 D:\\xampp\\htdocs\\l2euforia-api\\vendor\\laravel\\lumen-framework\\src\\Concerns\\RoutesRequests.php(355): Laravel\\Lumen\\Application->callControllerCallable(Array, Array)
#24 D:\\xampp\\htdocs\\l2euforia-api\\vendor\\laravel\\lumen-framework\\src\\Concerns\\RoutesRequests.php(329): Laravel\\Lumen\\Application->callLumenController(Object(App\\Http\\Controllers\\AuthController), 'register', Array)
#25 D:\\xampp\\htdocs\\l2euforia-api\\vendor\\laravel\\lumen-framework\\src\\Concerns\\RoutesRequests.php(282): Laravel\\Lumen\\Application->callControllerAction(Array)
#26 D:\\xampp\\htdocs\\l2euforia-api\\vendor\\laravel\\lumen-framework\\src\\Concerns\\RoutesRequests.php(267): Laravel\\Lumen\\Application->callActionOnArrayBasedRoute(Array)
#27 D:\\xampp\\htdocs\\l2euforia-api\\vendor\\laravel\\lumen-framework\\src\\Concerns\\RoutesRequests.php(169): Laravel\\Lumen\\Application->handleFoundRoute(Array)
#28 D:\\xampp\\htdocs\\l2euforia-api\\vendor\\laravel\\lumen-framework\\src\\Concerns\\RoutesRequests.php(429): Laravel\\Lumen\\Application->Laravel\\Lumen\\Concerns\\{closure}(Object(Laravel\\Lumen\\Http\\Request))
#29 D:\\xampp\\htdocs\\l2euforia-api\\vendor\\laravel\\lumen-framework\\src\\Concerns\\RoutesRequests.php(175): Laravel\\Lumen\\Application->sendThroughPipeline(Array, Object(Closure))
#30 D:\\xampp\\htdocs\\l2euforia-api\\vendor\\laravel\\lumen-framework\\src\\Concerns\\RoutesRequests.php(112): Laravel\\Lumen\\Application->dispatch(NULL)
#31 D:\\xampp\\htdocs\\l2euforia-api\\public\\index.php(28): Laravel\\Lumen\\Application->run()
#32 {main}
"} 
[2022-07-07 09:21:38] local.ERROR: SQLSTATE[42S02]: Base table or view not found: 1146 Table 'l2jls.account' doesn't exist (SQL: select count(*) as aggregate from `account` where `email` = email@email.com) {"exception":"[object] (Illuminate\\Database\\QueryException(code: 42S02): SQLSTATE[42S02]: Base table or view not found: 1146 Table 'l2jls.account' doesn't exist (SQL: select count(*) as aggregate from `account` where `email` = email@email.com) at D:\\xampp\\htdocs\\l2euforia-api\\vendor\\illuminate\\database\\Connection.php:759)
[stacktrace]
#0 D:\\xampp\\htdocs\\l2euforia-api\\vendor\\illuminate\\database\\Connection.php(719): Illuminate\\Database\\Connection->runQueryCallback('select count(*)...', Array, Object(Closure))
#1 D:\\xampp\\htdocs\\l2euforia-api\\vendor\\illuminate\\database\\Connection.php(421): Illuminate\\Database\\Connection->run('select count(*)...', Array, Object(Closure))
#2 D:\\xampp\\htdocs\\l2euforia-api\\vendor\\illuminate\\database\\Query\\Builder.php(2630): Illuminate\\Database\\Connection->select('select count(*)...', Array, false)
#3 D:\\xampp\\htdocs\\l2euforia-api\\vendor\\illuminate\\database\\Query\\Builder.php(2618): Illuminate\\Database\\Query\\Builder->runSelect()
#4 D:\\xampp\\htdocs\\l2euforia-api\\vendor\\illuminate\\database\\Query\\Builder.php(3154): Illuminate\\Database\\Query\\Builder->Illuminate\\Database\\Query\\{closure}()
#5 D:\\xampp\\htdocs\\l2euforia-api\\vendor\\illuminate\\database\\Query\\Builder.php(2619): Illuminate\\Database\\Query\\Builder->onceWithColumns(Array, Object(Closure))
#6 D:\\xampp\\htdocs\\l2euforia-api\\vendor\\illuminate\\database\\Query\\Builder.php(3081): Illuminate\\Database\\Query\\Builder->get(Array)
#7 D:\\xampp\\htdocs\\l2euforia-api\\vendor\\illuminate\\database\\Query\\Builder.php(3009): Illuminate\\Database\\Query\\Builder->aggregate('count', Array)
#8 D:\\xampp\\htdocs\\l2euforia-api\\vendor\\illuminate\\validation\\DatabasePresenceVerifier.php(54): Illuminate\\Database\\Query\\Builder->count()
#9 D:\\xampp\\htdocs\\l2euforia-api\\vendor\\illuminate\\validation\\Concerns\\ValidatesAttributes.php(855): Illuminate\\Validation\\DatabasePresenceVerifier->getCount('account', 'email', 'email@email.com', NULL, NULL, Array)
#10 D:\\xampp\\htdocs\\l2euforia-api\\vendor\\illuminate\\validation\\Validator.php(609): Illuminate\\Validation\\Validator->validateUnique('email', 'email@email.com', Array, Object(Illuminate\\Validation\\Validator))
#11 D:\\xampp\\htdocs\\l2euforia-api\\vendor\\illuminate\\validation\\Validator.php(415): Illuminate\\Validation\\Validator->validateAttribute('email', 'Unique')
#12 D:\\xampp\\htdocs\\l2euforia-api\\vendor\\illuminate\\validation\\Validator.php(446): Illuminate\\Validation\\Validator->passes()
#13 D:\\xampp\\htdocs\\l2euforia-api\\vendor\\laravel\\lumen-framework\\src\\Routing\\ProvidesConvenienceMethods.php(67): Illuminate\\Validation\\Validator->fails()
#14 D:\\xampp\\htdocs\\l2euforia-api\\app\\Http\\Controllers\\AuthController.php(63): Laravel\\Lumen\\Routing\\Controller->validate(Object(Laravel\\Lumen\\Http\\Request), Array)
#15 D:\\xampp\\htdocs\\l2euforia-api\\vendor\\illuminate\\container\\BoundMethod.php(36): App\\Http\\Controllers\\AuthController->register(Object(Laravel\\Lumen\\Http\\Request))
#16 D:\\xampp\\htdocs\\l2euforia-api\\vendor\\illuminate\\container\\Util.php(41): Illuminate\\Container\\BoundMethod::Illuminate\\Container\\{closure}()
#17 D:\\xampp\\htdocs\\l2euforia-api\\vendor\\illuminate\\container\\BoundMethod.php(93): Illuminate\\Container\\Util::unwrapIfClosure(Object(Closure))
#18 D:\\xampp\\htdocs\\l2euforia-api\\vendor\\illuminate\\container\\BoundMethod.php(37): Illuminate\\Container\\BoundMethod::callBoundMethod(Object(Laravel\\Lumen\\Application), Array, Object(Closure))
#19 D:\\xampp\\htdocs\\l2euforia-api\\vendor\\illuminate\\container\\Container.php(651): Illuminate\\Container\\BoundMethod::call(Object(Laravel\\Lumen\\Application), Array, Array, NULL)
#20 D:\\xampp\\htdocs\\l2euforia-api\\vendor\\laravel\\lumen-framework\\src\\Concerns\\RoutesRequests.php(389): Illuminate\\Container\\Container->call(Array, Array)
#21 D:\\xampp\\htdocs\\l2euforia-api\\vendor\\laravel\\lumen-framework\\src\\Concerns\\RoutesRequests.php(355): Laravel\\Lumen\\Application->callControllerCallable(Array, Array)
#22 D:\\xampp\\htdocs\\l2euforia-api\\vendor\\laravel\\lumen-framework\\src\\Concerns\\RoutesRequests.php(329): Laravel\\Lumen\\Application->callLumenController(Object(App\\Http\\Controllers\\AuthController), 'register', Array)
#23 D:\\xampp\\htdocs\\l2euforia-api\\vendor\\laravel\\lumen-framework\\src\\Concerns\\RoutesRequests.php(282): Laravel\\Lumen\\Application->callControllerAction(Array)
#24 D:\\xampp\\htdocs\\l2euforia-api\\vendor\\laravel\\lumen-framework\\src\\Concerns\\RoutesRequests.php(267): Laravel\\Lumen\\Application->callActionOnArrayBasedRoute(Array)
#25 D:\\xampp\\htdocs\\l2euforia-api\\vendor\\laravel\\lumen-framework\\src\\Concerns\\RoutesRequests.php(169): Laravel\\Lumen\\Application->handleFoundRoute(Array)
#26 D:\\xampp\\htdocs\\l2euforia-api\\vendor\\laravel\\lumen-framework\\src\\Concerns\\RoutesRequests.php(429): Laravel\\Lumen\\Application->Laravel\\Lumen\\Concerns\\{closure}(Object(Laravel\\Lumen\\Http\\Request))
#27 D:\\xampp\\htdocs\\l2euforia-api\\vendor\\laravel\\lumen-framework\\src\\Concerns\\RoutesRequests.php(175): Laravel\\Lumen\\Application->sendThroughPipeline(Array, Object(Closure))
#28 D:\\xampp\\htdocs\\l2euforia-api\\vendor\\laravel\\lumen-framework\\src\\Concerns\\RoutesRequests.php(112): Laravel\\Lumen\\Application->dispatch(NULL)
#29 D:\\xampp\\htdocs\\l2euforia-api\\public\\index.php(28): Laravel\\Lumen\\Application->run()
#30 {main}

[previous exception] [object] (PDOException(code: 42S02): SQLSTATE[42S02]: Base table or view not found: 1146 Table 'l2jls.account' doesn't exist at D:\\xampp\\htdocs\\l2euforia-api\\vendor\\illuminate\\database\\Connection.php:413)
[stacktrace]
#0 D:\\xampp\\htdocs\\l2euforia-api\\vendor\\illuminate\\database\\Connection.php(413): PDO->prepare('select count(*)...')
#1 D:\\xampp\\htdocs\\l2euforia-api\\vendor\\illuminate\\database\\Connection.php(752): Illuminate\\Database\\Connection->Illuminate\\Database\\{closure}('select count(*)...', Array)
#2 D:\\xampp\\htdocs\\l2euforia-api\\vendor\\illuminate\\database\\Connection.php(719): Illuminate\\Database\\Connection->runQueryCallback('select count(*)...', Array, Object(Closure))
#3 D:\\xampp\\htdocs\\l2euforia-api\\vendor\\illuminate\\database\\Connection.php(421): Illuminate\\Database\\Connection->run('select count(*)...', Array, Object(Closure))
#4 D:\\xampp\\htdocs\\l2euforia-api\\vendor\\illuminate\\database\\Query\\Builder.php(2630): Illuminate\\Database\\Connection->select('select count(*)...', Array, false)
#5 D:\\xampp\\htdocs\\l2euforia-api\\vendor\\illuminate\\database\\Query\\Builder.php(2618): Illuminate\\Database\\Query\\Builder->runSelect()
#6 D:\\xampp\\htdocs\\l2euforia-api\\vendor\\illuminate\\database\\Query\\Builder.php(3154): Illuminate\\Database\\Query\\Builder->Illuminate\\Database\\Query\\{closure}()
#7 D:\\xampp\\htdocs\\l2euforia-api\\vendor\\illuminate\\database\\Query\\Builder.php(2619): Illuminate\\Database\\Query\\Builder->onceWithColumns(Array, Object(Closure))
#8 D:\\xampp\\htdocs\\l2euforia-api\\vendor\\illuminate\\database\\Query\\Builder.php(3081): Illuminate\\Database\\Query\\Builder->get(Array)
#9 D:\\xampp\\htdocs\\l2euforia-api\\vendor\\illuminate\\database\\Query\\Builder.php(3009): Illuminate\\Database\\Query\\Builder->aggregate('count', Array)
#10 D:\\xampp\\htdocs\\l2euforia-api\\vendor\\illuminate\\validation\\DatabasePresenceVerifier.php(54): Illuminate\\Database\\Query\\Builder->count()
#11 D:\\xampp\\htdocs\\l2euforia-api\\vendor\\illuminate\\validation\\Concerns\\ValidatesAttributes.php(855): Illuminate\\Validation\\DatabasePresenceVerifier->getCount('account', 'email', 'email@email.com', NULL, NULL, Array)
#12 D:\\xampp\\htdocs\\l2euforia-api\\vendor\\illuminate\\validation\\Validator.php(609): Illuminate\\Validation\\Validator->validateUnique('email', 'email@email.com', Array, Object(Illuminate\\Validation\\Validator))
#13 D:\\xampp\\htdocs\\l2euforia-api\\vendor\\illuminate\\validation\\Validator.php(415): Illuminate\\Validation\\Validator->validateAttribute('email', 'Unique')
#14 D:\\xampp\\htdocs\\l2euforia-api\\vendor\\illuminate\\validation\\Validator.php(446): Illuminate\\Validation\\Validator->passes()
#15 D:\\xampp\\htdocs\\l2euforia-api\\vendor\\laravel\\lumen-framework\\src\\Routing\\ProvidesConvenienceMethods.php(67): Illuminate\\Validation\\Validator->fails()
#16 D:\\xampp\\htdocs\\l2euforia-api\\app\\Http\\Controllers\\AuthController.php(63): Laravel\\Lumen\\Routing\\Controller->validate(Object(Laravel\\Lumen\\Http\\Request), Array)
#17 D:\\xampp\\htdocs\\l2euforia-api\\vendor\\illuminate\\container\\BoundMethod.php(36): App\\Http\\Controllers\\AuthController->register(Object(Laravel\\Lumen\\Http\\Request))
#18 D:\\xampp\\htdocs\\l2euforia-api\\vendor\\illuminate\\container\\Util.php(41): Illuminate\\Container\\BoundMethod::Illuminate\\Container\\{closure}()
#19 D:\\xampp\\htdocs\\l2euforia-api\\vendor\\illuminate\\container\\BoundMethod.php(93): Illuminate\\Container\\Util::unwrapIfClosure(Object(Closure))
#20 D:\\xampp\\htdocs\\l2euforia-api\\vendor\\illuminate\\container\\BoundMethod.php(37): Illuminate\\Container\\BoundMethod::callBoundMethod(Object(Laravel\\Lumen\\Application), Array, Object(Closure))
#21 D:\\xampp\\htdocs\\l2euforia-api\\vendor\\illuminate\\container\\Container.php(651): Illuminate\\Container\\BoundMethod::call(Object(Laravel\\Lumen\\Application), Array, Array, NULL)
#22 D:\\xampp\\htdocs\\l2euforia-api\\vendor\\laravel\\lumen-framework\\src\\Concerns\\RoutesRequests.php(389): Illuminate\\Container\\Container->call(Array, Array)
#23 D:\\xampp\\htdocs\\l2euforia-api\\vendor\\laravel\\lumen-framework\\src\\Concerns\\RoutesRequests.php(355): Laravel\\Lumen\\Application->callControllerCallable(Array, Array)
#24 D:\\xampp\\htdocs\\l2euforia-api\\vendor\\laravel\\lumen-framework\\src\\Concerns\\RoutesRequests.php(329): Laravel\\Lumen\\Application->callLumenController(Object(App\\Http\\Controllers\\AuthController), 'register', Array)
#25 D:\\xampp\\htdocs\\l2euforia-api\\vendor\\laravel\\lumen-framework\\src\\Concerns\\RoutesRequests.php(282): Laravel\\Lumen\\Application->callControllerAction(Array)
#26 D:\\xampp\\htdocs\\l2euforia-api\\vendor\\laravel\\lumen-framework\\src\\Concerns\\RoutesRequests.php(267): Laravel\\Lumen\\Application->callActionOnArrayBasedRoute(Array)
#27 D:\\xampp\\htdocs\\l2euforia-api\\vendor\\laravel\\lumen-framework\\src\\Concerns\\RoutesRequests.php(169): Laravel\\Lumen\\Application->handleFoundRoute(Array)
#28 D:\\xampp\\htdocs\\l2euforia-api\\vendor\\laravel\\lumen-framework\\src\\Concerns\\RoutesRequests.php(429): Laravel\\Lumen\\Application->Laravel\\Lumen\\Concerns\\{closure}(Object(Laravel\\Lumen\\Http\\Request))
#29 D:\\xampp\\htdocs\\l2euforia-api\\vendor\\laravel\\lumen-framework\\src\\Concerns\\RoutesRequests.php(175): Laravel\\Lumen\\Application->sendThroughPipeline(Array, Object(Closure))
#30 D:\\xampp\\htdocs\\l2euforia-api\\vendor\\laravel\\lumen-framework\\src\\Concerns\\RoutesRequests.php(112): Laravel\\Lumen\\Application->dispatch(NULL)
#31 D:\\xampp\\htdocs\\l2euforia-api\\public\\index.php(28): Laravel\\Lumen\\Application->run()
#32 {main}
"} 
