[2022-07-06 21:50:53] local.ERROR: Unknown database type enum requested, Doctrine\DBAL\Platforms\MariaDb1027Platform may not support it. {"exception":"[object] (Doctrine\\DBAL\\Exception(code: 0): Unknown database type enum requested, Doctrine\\DBAL\\Platforms\\MariaDb1027Platform may not support it. at D:\\xampp\\htdocs\\l2euforia-api\\vendor\\doctrine\\dbal\\src\\Platforms\\AbstractPlatform.php:396)
[stacktrace]
#0 D:\\xampp\\htdocs\\l2euforia-api\\vendor\\doctrine\\dbal\\src\\Schema\\MySQLSchemaManager.php(137): Doctrine\\DBAL\\Platforms\\AbstractPlatform->getDoctrineTypeMapping('enum')
#1 D:\\xampp\\htdocs\\l2euforia-api\\vendor\\doctrine\\dbal\\src\\Schema\\AbstractSchemaManager.php(981): Doctrine\\DBAL\\Schema\\MySQLSchemaManager->_getPortableTableColumnDefinition(Array)
#2 D:\\xampp\\htdocs\\l2euforia-api\\vendor\\doctrine\\dbal\\src\\Schema\\AbstractSchemaManager.php(208): Doctrine\\DBAL\\Schema\\AbstractSchemaManager->_getPortableTableColumnList('accounts_ipauth', 'l2jls', Array)
#3 D:\\xampp\\htdocs\\l2euforia-api\\vendor\\doctrine\\dbal\\src\\Schema\\AbstractSchemaManager.php(321): Doctrine\\DBAL\\Schema\\AbstractSchemaManager->listTableColumns('accounts_ipauth')
#4 D:\\xampp\\htdocs\\l2euforia-api\\vendor\\doctrine\\dbal\\src\\Schema\\MySQLSchemaManager.php(336): Doctrine\\DBAL\\Schema\\AbstractSchemaManager->listTableDetails('accounts_ipauth')
#5 D:\\xampp\\htdocs\\l2euforia-api\\vendor\\doctrine\\dbal\\src\\Schema\\AbstractSchemaManager.php(306): Doctrine\\DBAL\\Schema\\MySQLSchemaManager->listTableDetails('accounts_ipauth')
#6 D:\\xampp\\htdocs\\l2euforia-api\\vendor\\krlove\\eloquent-model-generator\\src\\Processor\\RelationProcessor.php(24): Doctrine\\DBAL\\Schema\\AbstractSchemaManager->listTables()
#7 D:\\xampp\\htdocs\\l2euforia-api\\vendor\\krlove\\eloquent-model-generator\\src\\Generator.php(36): Krlove\\EloquentModelGenerator\\Processor\\RelationProcessor->process(Object(Krlove\\EloquentModelGenerator\\Model\\EloquentModel), Object(Krlove\\EloquentModelGenerator\\Config\\Config))
#8 D:\\xampp\\htdocs\\l2euforia-api\\vendor\\krlove\\eloquent-model-generator\\src\\Command\\GenerateModelCommand.php(28): Krlove\\EloquentModelGenerator\\Generator->generateModel(Object(Krlove\\EloquentModelGenerator\\Config\\Config))
#9 D:\\xampp\\htdocs\\l2euforia-api\\vendor\\illuminate\\container\\BoundMethod.php(36): Krlove\\EloquentModelGenerator\\Command\\GenerateModelCommand->handle()
#10 D:\\xampp\\htdocs\\l2euforia-api\\vendor\\illuminate\\container\\Util.php(41): Illuminate\\Container\\BoundMethod::Illuminate\\Container\\{closure}()
#11 D:\\xampp\\htdocs\\l2euforia-api\\vendor\\illuminate\\container\\BoundMethod.php(93): Illuminate\\Container\\Util::unwrapIfClosure(Object(Closure))
#12 D:\\xampp\\htdocs\\l2euforia-api\\vendor\\illuminate\\container\\BoundMethod.php(37): Illuminate\\Container\\BoundMethod::callBoundMethod(Object(Laravel\\Lumen\\Application), Array, Object(Closure))
#13 D:\\xampp\\htdocs\\l2euforia-api\\vendor\\illuminate\\container\\Container.php(651): Illuminate\\Container\\BoundMethod::call(Object(Laravel\\Lumen\\Application), Array, Array, NULL)
#14 D:\\xampp\\htdocs\\l2euforia-api\\vendor\\illuminate\\console\\Command.php(136): Illuminate\\Container\\Container->call(Array)
#15 D:\\xampp\\htdocs\\l2euforia-api\\vendor\\symfony\\console\\Command\\Command.php(308): Illuminate\\Console\\Command->execute(Object(Symfony\\Component\\Console\\Input\\ArgvInput), Object(Illuminate\\Console\\OutputStyle))
#16 D:\\xampp\\htdocs\\l2euforia-api\\vendor\\illuminate\\console\\Command.php(121): Symfony\\Component\\Console\\Command\\Command->run(Object(Symfony\\Component\\Console\\Input\\ArgvInput), Object(Illuminate\\Console\\OutputStyle))
#17 D:\\xampp\\htdocs\\l2euforia-api\\vendor\\symfony\\console\\Application.php(998): Illuminate\\Console\\Command->run(Object(Symfony\\Component\\Console\\Input\\ArgvInput), Object(Symfony\\Component\\Console\\Output\\ConsoleOutput))
#18 D:\\xampp\\htdocs\\l2euforia-api\\vendor\\symfony\\console\\Application.php(299): Symfony\\Component\\Console\\Application->doRunCommand(Object(Krlove\\EloquentModelGenerator\\Command\\GenerateModelCommand), Object(Symfony\\Component\\Console\\Input\\ArgvInput), Object(Symfony\\Component\\Console\\Output\\ConsoleOutput))
#19 D:\\xampp\\htdocs\\l2euforia-api\\vendor\\symfony\\console\\Application.php(171): Symfony\\Component\\Console\\Application->doRun(Object(Symfony\\Component\\Console\\Input\\ArgvInput), Object(Symfony\\Component\\Console\\Output\\ConsoleOutput))
#20 D:\\xampp\\htdocs\\l2euforia-api\\vendor\\illuminate\\console\\Application.php(102): Symfony\\Component\\Console\\Application->run(Object(Symfony\\Component\\Console\\Input\\ArgvInput), Object(Symfony\\Component\\Console\\Output\\ConsoleOutput))
#21 D:\\xampp\\htdocs\\l2euforia-api\\vendor\\laravel\\lumen-framework\\src\\Console\\Kernel.php(116): Illuminate\\Console\\Application->run(Object(Symfony\\Component\\Console\\Input\\ArgvInput), Object(Symfony\\Component\\Console\\Output\\ConsoleOutput))
#22 D:\\xampp\\htdocs\\l2euforia-api\\artisan(35): Laravel\\Lumen\\Console\\Kernel->handle(Object(Symfony\\Component\\Console\\Input\\ArgvInput), Object(Symfony\\Component\\Console\\Output\\ConsoleOutput))
#23 {main}
"} 
[2022-07-06 21:53:24] local.ERROR: Unknown database type enum requested, Doctrine\DBAL\Platforms\MariaDb1027Platform may not support it. {"exception":"[object] (Doctrine\\DBAL\\Exception(code: 0): Unknown database type enum requested, Doctrine\\DBAL\\Platforms\\MariaDb1027Platform may not support it. at D:\\xampp\\htdocs\\l2euforia-api\\vendor\\doctrine\\dbal\\src\\Platforms\\AbstractPlatform.php:396)
[stacktrace]
#0 D:\\xampp\\htdocs\\l2euforia-api\\vendor\\doctrine\\dbal\\src\\Schema\\MySQLSchemaManager.php(137): Doctrine\\DBAL\\Platforms\\AbstractPlatform->getDoctrineTypeMapping('enum')
#1 D:\\xampp\\htdocs\\l2euforia-api\\vendor\\doctrine\\dbal\\src\\Schema\\AbstractSchemaManager.php(981): Doctrine\\DBAL\\Schema\\MySQLSchemaManager->_getPortableTableColumnDefinition(Array)
#2 D:\\xampp\\htdocs\\l2euforia-api\\vendor\\doctrine\\dbal\\src\\Schema\\AbstractSchemaManager.php(208): Doctrine\\DBAL\\Schema\\AbstractSchemaManager->_getPortableTableColumnList('accounts_ipauth', 'l2jls', Array)
#3 D:\\xampp\\htdocs\\l2euforia-api\\vendor\\doctrine\\dbal\\src\\Schema\\AbstractSchemaManager.php(321): Doctrine\\DBAL\\Schema\\AbstractSchemaManager->listTableColumns('accounts_ipauth')
#4 D:\\xampp\\htdocs\\l2euforia-api\\vendor\\doctrine\\dbal\\src\\Schema\\MySQLSchemaManager.php(336): Doctrine\\DBAL\\Schema\\AbstractSchemaManager->listTableDetails('accounts_ipauth')
#5 D:\\xampp\\htdocs\\l2euforia-api\\vendor\\doctrine\\dbal\\src\\Schema\\AbstractSchemaManager.php(306): Doctrine\\DBAL\\Schema\\MySQLSchemaManager->listTableDetails('accounts_ipauth')
#6 D:\\xampp\\htdocs\\l2euforia-api\\vendor\\krlove\\eloquent-model-generator\\src\\Processor\\RelationProcessor.php(24): Doctrine\\DBAL\\Schema\\AbstractSchemaManager->listTables()
#7 D:\\xampp\\htdocs\\l2euforia-api\\vendor\\krlove\\eloquent-model-generator\\src\\Generator.php(36): Krlove\\EloquentModelGenerator\\Processor\\RelationProcessor->process(Object(Krlove\\EloquentModelGenerator\\Model\\EloquentModel), Object(Krlove\\EloquentModelGenerator\\Config\\Config))
#8 D:\\xampp\\htdocs\\l2euforia-api\\vendor\\krlove\\eloquent-model-generator\\src\\Command\\GenerateModelCommand.php(28): Krlove\\EloquentModelGenerator\\Generator->generateModel(Object(Krlove\\EloquentModelGenerator\\Config\\Config))
#9 D:\\xampp\\htdocs\\l2euforia-api\\vendor\\illuminate\\container\\BoundMethod.php(36): Krlove\\EloquentModelGenerator\\Command\\GenerateModelCommand->handle()
#10 D:\\xampp\\htdocs\\l2euforia-api\\vendor\\illuminate\\container\\Util.php(41): Illuminate\\Container\\BoundMethod::Illuminate\\Container\\{closure}()
#11 D:\\xampp\\htdocs\\l2euforia-api\\vendor\\illuminate\\container\\BoundMethod.php(93): Illuminate\\Container\\Util::unwrapIfClosure(Object(Closure))
#12 D:\\xampp\\htdocs\\l2euforia-api\\vendor\\illuminate\\container\\BoundMethod.php(37): Illuminate\\Container\\BoundMethod::callBoundMethod(Object(Laravel\\Lumen\\Application), Array, Object(Closure))
#13 D:\\xampp\\htdocs\\l2euforia-api\\vendor\\illuminate\\container\\Container.php(651): Illuminate\\Container\\BoundMethod::call(Object(Laravel\\Lumen\\Application), Array, Array, NULL)
#14 D:\\xampp\\htdocs\\l2euforia-api\\vendor\\illuminate\\console\\Command.php(136): Illuminate\\Container\\Container->call(Array)
#15 D:\\xampp\\htdocs\\l2euforia-api\\vendor\\symfony\\console\\Command\\Command.php(308): Illuminate\\Console\\Command->execute(Object(Symfony\\Component\\Console\\Input\\ArgvInput), Object(Illuminate\\Console\\OutputStyle))
#16 D:\\xampp\\htdocs\\l2euforia-api\\vendor\\illuminate\\console\\Command.php(121): Symfony\\Component\\Console\\Command\\Command->run(Object(Symfony\\Component\\Console\\Input\\ArgvInput), Object(Illuminate\\Console\\OutputStyle))
#17 D:\\xampp\\htdocs\\l2euforia-api\\vendor\\symfony\\console\\Application.php(998): Illuminate\\Console\\Command->run(Object(Symfony\\Component\\Console\\Input\\ArgvInput), Object(Symfony\\Component\\Console\\Output\\ConsoleOutput))
#18 D:\\xampp\\htdocs\\l2euforia-api\\vendor\\symfony\\console\\Application.php(299): Symfony\\Component\\Console\\Application->doRunCommand(Object(Krlove\\EloquentModelGenerator\\Command\\GenerateModelCommand), Object(Symfony\\Component\\Console\\Input\\ArgvInput), Object(Symfony\\Component\\Console\\Output\\ConsoleOutput))
#19 D:\\xampp\\htdocs\\l2euforia-api\\vendor\\symfony\\console\\Application.php(171): Symfony\\Component\\Console\\Application->doRun(Object(Symfony\\Component\\Console\\Input\\ArgvInput), Object(Symfony\\Component\\Console\\Output\\ConsoleOutput))
#20 D:\\xampp\\htdocs\\l2euforia-api\\vendor\\illuminate\\console\\Application.php(102): Symfony\\Component\\Console\\Application->run(Object(Symfony\\Component\\Console\\Input\\ArgvInput), Object(Symfony\\Component\\Console\\Output\\ConsoleOutput))
#21 D:\\xampp\\htdocs\\l2euforia-api\\vendor\\laravel\\lumen-framework\\src\\Console\\Kernel.php(116): Illuminate\\Console\\Application->run(Object(Symfony\\Component\\Console\\Input\\ArgvInput), Object(Symfony\\Component\\Console\\Output\\ConsoleOutput))
#22 D:\\xampp\\htdocs\\l2euforia-api\\artisan(35): Laravel\\Lumen\\Console\\Kernel->handle(Object(Symfony\\Component\\Console\\Input\\ArgvInput), Object(Symfony\\Component\\Console\\Output\\ConsoleOutput))
#23 {main}
"} 
[2022-07-06 21:55:40] local.ERROR: Unknown database type enum requested, Doctrine\DBAL\Platforms\MariaDb1027Platform may not support it. {"exception":"[object] (Doctrine\\DBAL\\Exception(code: 0): Unknown database type enum requested, Doctrine\\DBAL\\Platforms\\MariaDb1027Platform may not support it. at D:\\xampp\\htdocs\\l2euforia-api\\vendor\\doctrine\\dbal\\src\\Platforms\\AbstractPlatform.php:396)
[stacktrace]
#0 D:\\xampp\\htdocs\\l2euforia-api\\vendor\\doctrine\\dbal\\src\\Schema\\MySQLSchemaManager.php(137): Doctrine\\DBAL\\Platforms\\AbstractPlatform->getDoctrineTypeMapping('enum')
#1 D:\\xampp\\htdocs\\l2euforia-api\\vendor\\doctrine\\dbal\\src\\Schema\\AbstractSchemaManager.php(981): Doctrine\\DBAL\\Schema\\MySQLSchemaManager->_getPortableTableColumnDefinition(Array)
#2 D:\\xampp\\htdocs\\l2euforia-api\\vendor\\doctrine\\dbal\\src\\Schema\\AbstractSchemaManager.php(208): Doctrine\\DBAL\\Schema\\AbstractSchemaManager->_getPortableTableColumnList('accounts_ipauth', 'l2jls', Array)
#3 D:\\xampp\\htdocs\\l2euforia-api\\vendor\\doctrine\\dbal\\src\\Schema\\AbstractSchemaManager.php(321): Doctrine\\DBAL\\Schema\\AbstractSchemaManager->listTableColumns('accounts_ipauth')
#4 D:\\xampp\\htdocs\\l2euforia-api\\vendor\\doctrine\\dbal\\src\\Schema\\MySQLSchemaManager.php(336): Doctrine\\DBAL\\Schema\\AbstractSchemaManager->listTableDetails('accounts_ipauth')
#5 D:\\xampp\\htdocs\\l2euforia-api\\vendor\\doctrine\\dbal\\src\\Schema\\AbstractSchemaManager.php(306): Doctrine\\DBAL\\Schema\\MySQLSchemaManager->listTableDetails('accounts_ipauth')
#6 D:\\xampp\\htdocs\\l2euforia-api\\vendor\\krlove\\eloquent-model-generator\\src\\Processor\\RelationProcessor.php(24): Doctrine\\DBAL\\Schema\\AbstractSchemaManager->listTables()
#7 D:\\xampp\\htdocs\\l2euforia-api\\vendor\\krlove\\eloquent-model-generator\\src\\Generator.php(36): Krlove\\EloquentModelGenerator\\Processor\\RelationProcessor->process(Object(Krlove\\EloquentModelGenerator\\Model\\EloquentModel), Object(Krlove\\EloquentModelGenerator\\Config\\Config))
#8 D:\\xampp\\htdocs\\l2euforia-api\\vendor\\krlove\\eloquent-model-generator\\src\\Command\\GenerateModelCommand.php(28): Krlove\\EloquentModelGenerator\\Generator->generateModel(Object(Krlove\\EloquentModelGenerator\\Config\\Config))
#9 D:\\xampp\\htdocs\\l2euforia-api\\vendor\\illuminate\\container\\BoundMethod.php(36): Krlove\\EloquentModelGenerator\\Command\\GenerateModelCommand->handle()
#10 D:\\xampp\\htdocs\\l2euforia-api\\vendor\\illuminate\\container\\Util.php(41): Illuminate\\Container\\BoundMethod::Illuminate\\Container\\{closure}()
#11 D:\\xampp\\htdocs\\l2euforia-api\\vendor\\illuminate\\container\\BoundMethod.php(93): Illuminate\\Container\\Util::unwrapIfClosure(Object(Closure))
#12 D:\\xampp\\htdocs\\l2euforia-api\\vendor\\illuminate\\container\\BoundMethod.php(37): Illuminate\\Container\\BoundMethod::callBoundMethod(Object(Laravel\\Lumen\\Application), Array, Object(Closure))
#13 D:\\xampp\\htdocs\\l2euforia-api\\vendor\\illuminate\\container\\Container.php(651): Illuminate\\Container\\BoundMethod::call(Object(Laravel\\Lumen\\Application), Array, Array, NULL)
#14 D:\\xampp\\htdocs\\l2euforia-api\\vendor\\illuminate\\console\\Command.php(136): Illuminate\\Container\\Container->call(Array)
#15 D:\\xampp\\htdocs\\l2euforia-api\\vendor\\symfony\\console\\Command\\Command.php(308): Illuminate\\Console\\Command->execute(Object(Symfony\\Component\\Console\\Input\\ArgvInput), Object(Illuminate\\Console\\OutputStyle))
#16 D:\\xampp\\htdocs\\l2euforia-api\\vendor\\illuminate\\console\\Command.php(121): Symfony\\Component\\Console\\Command\\Command->run(Object(Symfony\\Component\\Console\\Input\\ArgvInput), Object(Illuminate\\Console\\OutputStyle))
#17 D:\\xampp\\htdocs\\l2euforia-api\\vendor\\symfony\\console\\Application.php(998): Illuminate\\Console\\Command->run(Object(Symfony\\Component\\Console\\Input\\ArgvInput), Object(Symfony\\Component\\Console\\Output\\ConsoleOutput))
#18 D:\\xampp\\htdocs\\l2euforia-api\\vendor\\symfony\\console\\Application.php(299): Symfony\\Component\\Console\\Application->doRunCommand(Object(Krlove\\EloquentModelGenerator\\Command\\GenerateModelCommand), Object(Symfony\\Component\\Console\\Input\\ArgvInput), Object(Symfony\\Component\\Console\\Output\\ConsoleOutput))
#19 D:\\xampp\\htdocs\\l2euforia-api\\vendor\\symfony\\console\\Application.php(171): Symfony\\Component\\Console\\Application->doRun(Object(Symfony\\Component\\Console\\Input\\ArgvInput), Object(Symfony\\Component\\Console\\Output\\ConsoleOutput))
#20 D:\\xampp\\htdocs\\l2euforia-api\\vendor\\illuminate\\console\\Application.php(102): Symfony\\Component\\Console\\Application->run(Object(Symfony\\Component\\Console\\Input\\ArgvInput), Object(Symfony\\Component\\Console\\Output\\ConsoleOutput))
#21 D:\\xampp\\htdocs\\l2euforia-api\\vendor\\laravel\\lumen-framework\\src\\Console\\Kernel.php(116): Illuminate\\Console\\Application->run(Object(Symfony\\Component\\Console\\Input\\ArgvInput), Object(Symfony\\Component\\Console\\Output\\ConsoleOutput))
#22 D:\\xampp\\htdocs\\l2euforia-api\\artisan(35): Laravel\\Lumen\\Console\\Kernel->handle(Object(Symfony\\Component\\Console\\Input\\ArgvInput), Object(Symfony\\Component\\Console\\Output\\ConsoleOutput))
#23 {main}
"} 
[2022-07-06 22:04:42] local.ERROR: Unknown database type enum requested, Doctrine\DBAL\Platforms\MariaDb1027Platform may not support it. {"exception":"[object] (Doctrine\\DBAL\\Exception(code: 0): Unknown database type enum requested, Doctrine\\DBAL\\Platforms\\MariaDb1027Platform may not support it. at D:\\xampp\\htdocs\\l2euforia-api\\vendor\\doctrine\\dbal\\src\\Platforms\\AbstractPlatform.php:396)
[stacktrace]
#0 D:\\xampp\\htdocs\\l2euforia-api\\vendor\\doctrine\\dbal\\src\\Schema\\MySQLSchemaManager.php(137): Doctrine\\DBAL\\Platforms\\AbstractPlatform->getDoctrineTypeMapping('enum')
#1 D:\\xampp\\htdocs\\l2euforia-api\\vendor\\doctrine\\dbal\\src\\Schema\\AbstractSchemaManager.php(981): Doctrine\\DBAL\\Schema\\MySQLSchemaManager->_getPortableTableColumnDefinition(Array)
#2 D:\\xampp\\htdocs\\l2euforia-api\\vendor\\doctrine\\dbal\\src\\Schema\\AbstractSchemaManager.php(208): Doctrine\\DBAL\\Schema\\AbstractSchemaManager->_getPortableTableColumnList('accounts_ipauth', 'l2jls', Array)
#3 D:\\xampp\\htdocs\\l2euforia-api\\vendor\\doctrine\\dbal\\src\\Schema\\AbstractSchemaManager.php(321): Doctrine\\DBAL\\Schema\\AbstractSchemaManager->listTableColumns('accounts_ipauth')
#4 D:\\xampp\\htdocs\\l2euforia-api\\vendor\\doctrine\\dbal\\src\\Schema\\MySQLSchemaManager.php(336): Doctrine\\DBAL\\Schema\\AbstractSchemaManager->listTableDetails('accounts_ipauth')
#5 D:\\xampp\\htdocs\\l2euforia-api\\vendor\\doctrine\\dbal\\src\\Schema\\AbstractSchemaManager.php(306): Doctrine\\DBAL\\Schema\\MySQLSchemaManager->listTableDetails('accounts_ipauth')
#6 D:\\xampp\\htdocs\\l2euforia-api\\vendor\\krlove\\eloquent-model-generator\\src\\Processor\\RelationProcessor.php(24): Doctrine\\DBAL\\Schema\\AbstractSchemaManager->listTables()
#7 D:\\xampp\\htdocs\\l2euforia-api\\vendor\\krlove\\eloquent-model-generator\\src\\Generator.php(36): Krlove\\EloquentModelGenerator\\Processor\\RelationProcessor->process(Object(Krlove\\EloquentModelGenerator\\Model\\EloquentModel), Object(Krlove\\EloquentModelGenerator\\Config\\Config))
#8 D:\\xampp\\htdocs\\l2euforia-api\\vendor\\krlove\\eloquent-model-generator\\src\\Command\\GenerateModelCommand.php(28): Krlove\\EloquentModelGenerator\\Generator->generateModel(Object(Krlove\\EloquentModelGenerator\\Config\\Config))
#9 D:\\xampp\\htdocs\\l2euforia-api\\vendor\\illuminate\\container\\BoundMethod.php(36): Krlove\\EloquentModelGenerator\\Command\\GenerateModelCommand->handle()
#10 D:\\xampp\\htdocs\\l2euforia-api\\vendor\\illuminate\\container\\Util.php(41): Illuminate\\Container\\BoundMethod::Illuminate\\Container\\{closure}()
#11 D:\\xampp\\htdocs\\l2euforia-api\\vendor\\illuminate\\container\\BoundMethod.php(93): Illuminate\\Container\\Util::unwrapIfClosure(Object(Closure))
#12 D:\\xampp\\htdocs\\l2euforia-api\\vendor\\illuminate\\container\\BoundMethod.php(37): Illuminate\\Container\\BoundMethod::callBoundMethod(Object(Laravel\\Lumen\\Application), Array, Object(Closure))
#13 D:\\xampp\\htdocs\\l2euforia-api\\vendor\\illuminate\\container\\Container.php(651): Illuminate\\Container\\BoundMethod::call(Object(Laravel\\Lumen\\Application), Array, Array, NULL)
#14 D:\\xampp\\htdocs\\l2euforia-api\\vendor\\illuminate\\console\\Command.php(136): Illuminate\\Container\\Container->call(Array)
#15 D:\\xampp\\htdocs\\l2euforia-api\\vendor\\symfony\\console\\Command\\Command.php(308): Illuminate\\Console\\Command->execute(Object(Symfony\\Component\\Console\\Input\\ArgvInput), Object(Illuminate\\Console\\OutputStyle))
#16 D:\\xampp\\htdocs\\l2euforia-api\\vendor\\illuminate\\console\\Command.php(121): Symfony\\Component\\Console\\Command\\Command->run(Object(Symfony\\Component\\Console\\Input\\ArgvInput), Object(Illuminate\\Console\\OutputStyle))
#17 D:\\xampp\\htdocs\\l2euforia-api\\vendor\\symfony\\console\\Application.php(998): Illuminate\\Console\\Command->run(Object(Symfony\\Component\\Console\\Input\\ArgvInput), Object(Symfony\\Component\\Console\\Output\\ConsoleOutput))
#18 D:\\xampp\\htdocs\\l2euforia-api\\vendor\\symfony\\console\\Application.php(299): Symfony\\Component\\Console\\Application->doRunCommand(Object(Krlove\\EloquentModelGenerator\\Command\\GenerateModelCommand), Object(Symfony\\Component\\Console\\Input\\ArgvInput), Object(Symfony\\Component\\Console\\Output\\ConsoleOutput))
#19 D:\\xampp\\htdocs\\l2euforia-api\\vendor\\symfony\\console\\Application.php(171): Symfony\\Component\\Console\\Application->doRun(Object(Symfony\\Component\\Console\\Input\\ArgvInput), Object(Symfony\\Component\\Console\\Output\\ConsoleOutput))
#20 D:\\xampp\\htdocs\\l2euforia-api\\vendor\\illuminate\\console\\Application.php(102): Symfony\\Component\\Console\\Application->run(Object(Symfony\\Component\\Console\\Input\\ArgvInput), Object(Symfony\\Component\\Console\\Output\\ConsoleOutput))
#21 D:\\xampp\\htdocs\\l2euforia-api\\vendor\\laravel\\lumen-framework\\src\\Console\\Kernel.php(116): Illuminate\\Console\\Application->run(Object(Symfony\\Component\\Console\\Input\\ArgvInput), Object(Symfony\\Component\\Console\\Output\\ConsoleOutput))
#22 D:\\xampp\\htdocs\\l2euforia-api\\artisan(35): Laravel\\Lumen\\Console\\Kernel->handle(Object(Symfony\\Component\\Console\\Input\\ArgvInput), Object(Symfony\\Component\\Console\\Output\\ConsoleOutput))
#23 {main}
"} 
[2022-07-06 22:05:28] local.ERROR: Unknown database type enum requested, Doctrine\DBAL\Platforms\MariaDb1027Platform may not support it. {"exception":"[object] (Doctrine\\DBAL\\Exception(code: 0): Unknown database type enum requested, Doctrine\\DBAL\\Platforms\\MariaDb1027Platform may not support it. at D:\\xampp\\htdocs\\l2euforia-api\\vendor\\doctrine\\dbal\\src\\Platforms\\AbstractPlatform.php:396)
[stacktrace]
#0 D:\\xampp\\htdocs\\l2euforia-api\\vendor\\doctrine\\dbal\\src\\Schema\\MySQLSchemaManager.php(137): Doctrine\\DBAL\\Platforms\\AbstractPlatform->getDoctrineTypeMapping('enum')
#1 D:\\xampp\\htdocs\\l2euforia-api\\vendor\\doctrine\\dbal\\src\\Schema\\AbstractSchemaManager.php(981): Doctrine\\DBAL\\Schema\\MySQLSchemaManager->_getPortableTableColumnDefinition(Array)
#2 D:\\xampp\\htdocs\\l2euforia-api\\vendor\\doctrine\\dbal\\src\\Schema\\AbstractSchemaManager.php(208): Doctrine\\DBAL\\Schema\\AbstractSchemaManager->_getPortableTableColumnList('accounts_ipauth', 'l2jls', Array)
#3 D:\\xampp\\htdocs\\l2euforia-api\\vendor\\doctrine\\dbal\\src\\Schema\\AbstractSchemaManager.php(321): Doctrine\\DBAL\\Schema\\AbstractSchemaManager->listTableColumns('accounts_ipauth')
#4 D:\\xampp\\htdocs\\l2euforia-api\\vendor\\doctrine\\dbal\\src\\Schema\\MySQLSchemaManager.php(336): Doctrine\\DBAL\\Schema\\AbstractSchemaManager->listTableDetails('accounts_ipauth')
#5 D:\\xampp\\htdocs\\l2euforia-api\\vendor\\doctrine\\dbal\\src\\Schema\\AbstractSchemaManager.php(306): Doctrine\\DBAL\\Schema\\MySQLSchemaManager->listTableDetails('accounts_ipauth')
#6 D:\\xampp\\htdocs\\l2euforia-api\\vendor\\krlove\\eloquent-model-generator\\src\\Processor\\RelationProcessor.php(24): Doctrine\\DBAL\\Schema\\AbstractSchemaManager->listTables()
#7 D:\\xampp\\htdocs\\l2euforia-api\\vendor\\krlove\\eloquent-model-generator\\src\\Generator.php(36): Krlove\\EloquentModelGenerator\\Processor\\RelationProcessor->process(Object(Krlove\\EloquentModelGenerator\\Model\\EloquentModel), Object(Krlove\\EloquentModelGenerator\\Config\\Config))
#8 D:\\xampp\\htdocs\\l2euforia-api\\vendor\\krlove\\eloquent-model-generator\\src\\Command\\GenerateModelCommand.php(28): Krlove\\EloquentModelGenerator\\Generator->generateModel(Object(Krlove\\EloquentModelGenerator\\Config\\Config))
#9 D:\\xampp\\htdocs\\l2euforia-api\\vendor\\illuminate\\container\\BoundMethod.php(36): Krlove\\EloquentModelGenerator\\Command\\GenerateModelCommand->handle()
#10 D:\\xampp\\htdocs\\l2euforia-api\\vendor\\illuminate\\container\\Util.php(41): Illuminate\\Container\\BoundMethod::Illuminate\\Container\\{closure}()
#11 D:\\xampp\\htdocs\\l2euforia-api\\vendor\\illuminate\\container\\BoundMethod.php(93): Illuminate\\Container\\Util::unwrapIfClosure(Object(Closure))
#12 D:\\xampp\\htdocs\\l2euforia-api\\vendor\\illuminate\\container\\BoundMethod.php(37): Illuminate\\Container\\BoundMethod::callBoundMethod(Object(Laravel\\Lumen\\Application), Array, Object(Closure))
#13 D:\\xampp\\htdocs\\l2euforia-api\\vendor\\illuminate\\container\\Container.php(651): Illuminate\\Container\\BoundMethod::call(Object(Laravel\\Lumen\\Application), Array, Array, NULL)
#14 D:\\xampp\\htdocs\\l2euforia-api\\vendor\\illuminate\\console\\Command.php(136): Illuminate\\Container\\Container->call(Array)
#15 D:\\xampp\\htdocs\\l2euforia-api\\vendor\\symfony\\console\\Command\\Command.php(308): Illuminate\\Console\\Command->execute(Object(Symfony\\Component\\Console\\Input\\ArgvInput), Object(Illuminate\\Console\\OutputStyle))
#16 D:\\xampp\\htdocs\\l2euforia-api\\vendor\\illuminate\\console\\Command.php(121): Symfony\\Component\\Console\\Command\\Command->run(Object(Symfony\\Component\\Console\\Input\\ArgvInput), Object(Illuminate\\Console\\OutputStyle))
#17 D:\\xampp\\htdocs\\l2euforia-api\\vendor\\symfony\\console\\Application.php(998): Illuminate\\Console\\Command->run(Object(Symfony\\Component\\Console\\Input\\ArgvInput), Object(Symfony\\Component\\Console\\Output\\ConsoleOutput))
#18 D:\\xampp\\htdocs\\l2euforia-api\\vendor\\symfony\\console\\Application.php(299): Symfony\\Component\\Console\\Application->doRunCommand(Object(Krlove\\EloquentModelGenerator\\Command\\GenerateModelCommand), Object(Symfony\\Component\\Console\\Input\\ArgvInput), Object(Symfony\\Component\\Console\\Output\\ConsoleOutput))
#19 D:\\xampp\\htdocs\\l2euforia-api\\vendor\\symfony\\console\\Application.php(171): Symfony\\Component\\Console\\Application->doRun(Object(Symfony\\Component\\Console\\Input\\ArgvInput), Object(Symfony\\Component\\Console\\Output\\ConsoleOutput))
#20 D:\\xampp\\htdocs\\l2euforia-api\\vendor\\illuminate\\console\\Application.php(102): Symfony\\Component\\Console\\Application->run(Object(Symfony\\Component\\Console\\Input\\ArgvInput), Object(Symfony\\Component\\Console\\Output\\ConsoleOutput))
#21 D:\\xampp\\htdocs\\l2euforia-api\\vendor\\laravel\\lumen-framework\\src\\Console\\Kernel.php(116): Illuminate\\Console\\Application->run(Object(Symfony\\Component\\Console\\Input\\ArgvInput), Object(Symfony\\Component\\Console\\Output\\ConsoleOutput))
#22 D:\\xampp\\htdocs\\l2euforia-api\\artisan(35): Laravel\\Lumen\\Console\\Kernel->handle(Object(Symfony\\Component\\Console\\Input\\ArgvInput), Object(Symfony\\Component\\Console\\Output\\ConsoleOutput))
#23 {main}
"} 
[2022-07-06 22:05:32] local.ERROR: Not enough arguments (missing: "class-name"). {"exception":"[object] (Symfony\\Component\\Console\\Exception\\RuntimeException(code: 0): Not enough arguments (missing: \"class-name\"). at D:\\xampp\\htdocs\\l2euforia-api\\vendor\\symfony\\console\\Input\\Input.php:76)
[stacktrace]
#0 D:\\xampp\\htdocs\\l2euforia-api\\vendor\\symfony\\console\\Command\\Command.php(303): Symfony\\Component\\Console\\Input\\Input->validate()
#1 D:\\xampp\\htdocs\\l2euforia-api\\vendor\\illuminate\\console\\Command.php(121): Symfony\\Component\\Console\\Command\\Command->run(Object(Symfony\\Component\\Console\\Input\\ArgvInput), Object(Illuminate\\Console\\OutputStyle))
#2 D:\\xampp\\htdocs\\l2euforia-api\\vendor\\symfony\\console\\Application.php(998): Illuminate\\Console\\Command->run(Object(Symfony\\Component\\Console\\Input\\ArgvInput), Object(Symfony\\Component\\Console\\Output\\ConsoleOutput))
#3 D:\\xampp\\htdocs\\l2euforia-api\\vendor\\symfony\\console\\Application.php(299): Symfony\\Component\\Console\\Application->doRunCommand(Object(Krlove\\EloquentModelGenerator\\Command\\GenerateModelCommand), Object(Symfony\\Component\\Console\\Input\\ArgvInput), Object(Symfony\\Component\\Console\\Output\\ConsoleOutput))
#4 D:\\xampp\\htdocs\\l2euforia-api\\vendor\\symfony\\console\\Application.php(171): Symfony\\Component\\Console\\Application->doRun(Object(Symfony\\Component\\Console\\Input\\ArgvInput), Object(Symfony\\Component\\Console\\Output\\ConsoleOutput))
#5 D:\\xampp\\htdocs\\l2euforia-api\\vendor\\illuminate\\console\\Application.php(102): Symfony\\Component\\Console\\Application->run(Object(Symfony\\Component\\Console\\Input\\ArgvInput), Object(Symfony\\Component\\Console\\Output\\ConsoleOutput))
#6 D:\\xampp\\htdocs\\l2euforia-api\\vendor\\laravel\\lumen-framework\\src\\Console\\Kernel.php(116): Illuminate\\Console\\Application->run(Object(Symfony\\Component\\Console\\Input\\ArgvInput), Object(Symfony\\Component\\Console\\Output\\ConsoleOutput))
#7 D:\\xampp\\htdocs\\l2euforia-api\\artisan(35): Laravel\\Lumen\\Console\\Kernel->handle(Object(Symfony\\Component\\Console\\Input\\ArgvInput), Object(Symfony\\Component\\Console\\Output\\ConsoleOutput))
#8 {main}
"} 
[2022-07-06 22:21:41] local.ERROR: Unknown database type enum requested, Doctrine\DBAL\Platforms\MariaDb1027Platform may not support it. {"exception":"[object] (Doctrine\\DBAL\\Exception(code: 0): Unknown database type enum requested, Doctrine\\DBAL\\Platforms\\MariaDb1027Platform may not support it. at D:\\xampp\\htdocs\\l2euforia-api\\vendor\\doctrine\\dbal\\src\\Platforms\\AbstractPlatform.php:396)
[stacktrace]
#0 D:\\xampp\\htdocs\\l2euforia-api\\vendor\\doctrine\\dbal\\src\\Schema\\MySQLSchemaManager.php(137): Doctrine\\DBAL\\Platforms\\AbstractPlatform->getDoctrineTypeMapping('enum')
#1 D:\\xampp\\htdocs\\l2euforia-api\\vendor\\doctrine\\dbal\\src\\Schema\\AbstractSchemaManager.php(981): Doctrine\\DBAL\\Schema\\MySQLSchemaManager->_getPortableTableColumnDefinition(Array)
#2 D:\\xampp\\htdocs\\l2euforia-api\\vendor\\doctrine\\dbal\\src\\Schema\\AbstractSchemaManager.php(208): Doctrine\\DBAL\\Schema\\AbstractSchemaManager->_getPortableTableColumnList('accounts_ipauth', 'l2jls', Array)
#3 D:\\xampp\\htdocs\\l2euforia-api\\vendor\\doctrine\\dbal\\src\\Schema\\AbstractSchemaManager.php(321): Doctrine\\DBAL\\Schema\\AbstractSchemaManager->listTableColumns('accounts_ipauth')
#4 D:\\xampp\\htdocs\\l2euforia-api\\vendor\\doctrine\\dbal\\src\\Schema\\MySQLSchemaManager.php(336): Doctrine\\DBAL\\Schema\\AbstractSchemaManager->listTableDetails('accounts_ipauth')
#5 D:\\xampp\\htdocs\\l2euforia-api\\vendor\\doctrine\\dbal\\src\\Schema\\AbstractSchemaManager.php(306): Doctrine\\DBAL\\Schema\\MySQLSchemaManager->listTableDetails('accounts_ipauth')
#6 D:\\xampp\\htdocs\\l2euforia-api\\vendor\\krlove\\eloquent-model-generator\\src\\Processor\\RelationProcessor.php(24): Doctrine\\DBAL\\Schema\\AbstractSchemaManager->listTables()
#7 D:\\xampp\\htdocs\\l2euforia-api\\vendor\\krlove\\eloquent-model-generator\\src\\Generator.php(36): Krlove\\EloquentModelGenerator\\Processor\\RelationProcessor->process(Object(Krlove\\EloquentModelGenerator\\Model\\EloquentModel), Object(Krlove\\EloquentModelGenerator\\Config\\Config))
#8 D:\\xampp\\htdocs\\l2euforia-api\\vendor\\krlove\\eloquent-model-generator\\src\\Command\\GenerateModelCommand.php(28): Krlove\\EloquentModelGenerator\\Generator->generateModel(Object(Krlove\\EloquentModelGenerator\\Config\\Config))
#9 D:\\xampp\\htdocs\\l2euforia-api\\vendor\\illuminate\\container\\BoundMethod.php(36): Krlove\\EloquentModelGenerator\\Command\\GenerateModelCommand->handle()
#10 D:\\xampp\\htdocs\\l2euforia-api\\vendor\\illuminate\\container\\Util.php(41): Illuminate\\Container\\BoundMethod::Illuminate\\Container\\{closure}()
#11 D:\\xampp\\htdocs\\l2euforia-api\\vendor\\illuminate\\container\\BoundMethod.php(93): Illuminate\\Container\\Util::unwrapIfClosure(Object(Closure))
#12 D:\\xampp\\htdocs\\l2euforia-api\\vendor\\illuminate\\container\\BoundMethod.php(37): Illuminate\\Container\\BoundMethod::callBoundMethod(Object(Laravel\\Lumen\\Application), Array, Object(Closure))
#13 D:\\xampp\\htdocs\\l2euforia-api\\vendor\\illuminate\\container\\Container.php(651): Illuminate\\Container\\BoundMethod::call(Object(Laravel\\Lumen\\Application), Array, Array, NULL)
#14 D:\\xampp\\htdocs\\l2euforia-api\\vendor\\illuminate\\console\\Command.php(136): Illuminate\\Container\\Container->call(Array)
#15 D:\\xampp\\htdocs\\l2euforia-api\\vendor\\symfony\\console\\Command\\Command.php(308): Illuminate\\Console\\Command->execute(Object(Symfony\\Component\\Console\\Input\\ArgvInput), Object(Illuminate\\Console\\OutputStyle))
#16 D:\\xampp\\htdocs\\l2euforia-api\\vendor\\illuminate\\console\\Command.php(121): Symfony\\Component\\Console\\Command\\Command->run(Object(Symfony\\Component\\Console\\Input\\ArgvInput), Object(Illuminate\\Console\\OutputStyle))
#17 D:\\xampp\\htdocs\\l2euforia-api\\vendor\\symfony\\console\\Application.php(998): Illuminate\\Console\\Command->run(Object(Symfony\\Component\\Console\\Input\\ArgvInput), Object(Symfony\\Component\\Console\\Output\\ConsoleOutput))
#18 D:\\xampp\\htdocs\\l2euforia-api\\vendor\\symfony\\console\\Application.php(299): Symfony\\Component\\Console\\Application->doRunCommand(Object(Krlove\\EloquentModelGenerator\\Command\\GenerateModelCommand), Object(Symfony\\Component\\Console\\Input\\ArgvInput), Object(Symfony\\Component\\Console\\Output\\ConsoleOutput))
#19 D:\\xampp\\htdocs\\l2euforia-api\\vendor\\symfony\\console\\Application.php(171): Symfony\\Component\\Console\\Application->doRun(Object(Symfony\\Component\\Console\\Input\\ArgvInput), Object(Symfony\\Component\\Console\\Output\\ConsoleOutput))
#20 D:\\xampp\\htdocs\\l2euforia-api\\vendor\\illuminate\\console\\Application.php(102): Symfony\\Component\\Console\\Application->run(Object(Symfony\\Component\\Console\\Input\\ArgvInput), Object(Symfony\\Component\\Console\\Output\\ConsoleOutput))
#21 D:\\xampp\\htdocs\\l2euforia-api\\vendor\\laravel\\lumen-framework\\src\\Console\\Kernel.php(116): Illuminate\\Console\\Application->run(Object(Symfony\\Component\\Console\\Input\\ArgvInput), Object(Symfony\\Component\\Console\\Output\\ConsoleOutput))
#22 D:\\xampp\\htdocs\\l2euforia-api\\artisan(35): Laravel\\Lumen\\Console\\Kernel->handle(Object(Symfony\\Component\\Console\\Input\\ArgvInput), Object(Symfony\\Component\\Console\\Output\\ConsoleOutput))
#23 {main}
"} 
[2022-07-06 22:28:55] local.ERROR: Class "\App\Models\Account" not found {"exception":"[object] (Error(code: 0): Class \"\\App\\Models\\Account\" not found at D:\\xampp\\htdocs\\l2euforia-api\\vendor\\illuminate\\auth\\EloquentUserProvider.php:172)
[stacktrace]
#0 D:\\xampp\\htdocs\\l2euforia-api\\vendor\\illuminate\\auth\\EloquentUserProvider.php(159): Illuminate\\Auth\\EloquentUserProvider->createModel()
#1 D:\\xampp\\htdocs\\l2euforia-api\\vendor\\illuminate\\auth\\EloquentUserProvider.php(121): Illuminate\\Auth\\EloquentUserProvider->newModelQuery()
#2 D:\\xampp\\htdocs\\l2euforia-api\\vendor\\tymon\\jwt-auth\\src\\JWTGuard.php(121): Illuminate\\Auth\\EloquentUserProvider->retrieveByCredentials(Array)
#3 D:\\xampp\\htdocs\\l2euforia-api\\vendor\\illuminate\\auth\\AuthManager.php(332): Tymon\\JWTAuth\\JWTGuard->attempt(Array)
#4 D:\\xampp\\htdocs\\l2euforia-api\\vendor\\illuminate\\support\\Facades\\Facade.php(337): Illuminate\\Auth\\AuthManager->__call('attempt', Array)
#5 D:\\xampp\\htdocs\\l2euforia-api\\app\\Http\\Controllers\\AuthController.php(33): Illuminate\\Support\\Facades\\Facade::__callStatic('attempt', Array)
#6 D:\\xampp\\htdocs\\l2euforia-api\\vendor\\illuminate\\container\\BoundMethod.php(36): App\\Http\\Controllers\\AuthController->login(Object(Laravel\\Lumen\\Http\\Request))
#7 D:\\xampp\\htdocs\\l2euforia-api\\vendor\\illuminate\\container\\Util.php(41): Illuminate\\Container\\BoundMethod::Illuminate\\Container\\{closure}()
#8 D:\\xampp\\htdocs\\l2euforia-api\\vendor\\illuminate\\container\\BoundMethod.php(93): Illuminate\\Container\\Util::unwrapIfClosure(Object(Closure))
#9 D:\\xampp\\htdocs\\l2euforia-api\\vendor\\illuminate\\container\\BoundMethod.php(37): Illuminate\\Container\\BoundMethod::callBoundMethod(Object(Laravel\\Lumen\\Application), Array, Object(Closure))
#10 D:\\xampp\\htdocs\\l2euforia-api\\vendor\\illuminate\\container\\Container.php(651): Illuminate\\Container\\BoundMethod::call(Object(Laravel\\Lumen\\Application), Array, Array, NULL)
#11 D:\\xampp\\htdocs\\l2euforia-api\\vendor\\laravel\\lumen-framework\\src\\Concerns\\RoutesRequests.php(389): Illuminate\\Container\\Container->call(Array, Array)
#12 D:\\xampp\\htdocs\\l2euforia-api\\vendor\\laravel\\lumen-framework\\src\\Concerns\\RoutesRequests.php(355): Laravel\\Lumen\\Application->callControllerCallable(Array, Array)
#13 D:\\xampp\\htdocs\\l2euforia-api\\vendor\\laravel\\lumen-framework\\src\\Concerns\\RoutesRequests.php(329): Laravel\\Lumen\\Application->callLumenController(Object(App\\Http\\Controllers\\AuthController), 'login', Array)
#14 D:\\xampp\\htdocs\\l2euforia-api\\vendor\\laravel\\lumen-framework\\src\\Concerns\\RoutesRequests.php(282): Laravel\\Lumen\\Application->callControllerAction(Array)
#15 D:\\xampp\\htdocs\\l2euforia-api\\vendor\\laravel\\lumen-framework\\src\\Concerns\\RoutesRequests.php(267): Laravel\\Lumen\\Application->callActionOnArrayBasedRoute(Array)
#16 D:\\xampp\\htdocs\\l2euforia-api\\vendor\\laravel\\lumen-framework\\src\\Concerns\\RoutesRequests.php(169): Laravel\\Lumen\\Application->handleFoundRoute(Array)
#17 D:\\xampp\\htdocs\\l2euforia-api\\vendor\\laravel\\lumen-framework\\src\\Concerns\\RoutesRequests.php(429): Laravel\\Lumen\\Application->Laravel\\Lumen\\Concerns\\{closure}(Object(Laravel\\Lumen\\Http\\Request))
#18 D:\\xampp\\htdocs\\l2euforia-api\\vendor\\laravel\\lumen-framework\\src\\Concerns\\RoutesRequests.php(175): Laravel\\Lumen\\Application->sendThroughPipeline(Array, Object(Closure))
#19 D:\\xampp\\htdocs\\l2euforia-api\\vendor\\laravel\\lumen-framework\\src\\Concerns\\RoutesRequests.php(112): Laravel\\Lumen\\Application->dispatch(NULL)
#20 D:\\xampp\\htdocs\\l2euforia-api\\public\\index.php(28): Laravel\\Lumen\\Application->run()
#21 {main}
"} 
[2022-07-06 22:29:29] local.ERROR: Class "\App\Models\Account" not found {"exception":"[object] (Error(code: 0): Class \"\\App\\Models\\Account\" not found at D:\\xampp\\htdocs\\l2euforia-api\\vendor\\illuminate\\auth\\EloquentUserProvider.php:172)
[stacktrace]
#0 D:\\xampp\\htdocs\\l2euforia-api\\vendor\\illuminate\\auth\\EloquentUserProvider.php(159): Illuminate\\Auth\\EloquentUserProvider->createModel()
#1 D:\\xampp\\htdocs\\l2euforia-api\\vendor\\illuminate\\auth\\EloquentUserProvider.php(121): Illuminate\\Auth\\EloquentUserProvider->newModelQuery()
#2 D:\\xampp\\htdocs\\l2euforia-api\\vendor\\tymon\\jwt-auth\\src\\JWTGuard.php(121): Illuminate\\Auth\\EloquentUserProvider->retrieveByCredentials(Array)
#3 D:\\xampp\\htdocs\\l2euforia-api\\vendor\\illuminate\\auth\\AuthManager.php(332): Tymon\\JWTAuth\\JWTGuard->attempt(Array)
#4 D:\\xampp\\htdocs\\l2euforia-api\\vendor\\illuminate\\support\\Facades\\Facade.php(337): Illuminate\\Auth\\AuthManager->__call('attempt', Array)
#5 D:\\xampp\\htdocs\\l2euforia-api\\app\\Http\\Controllers\\AuthController.php(33): Illuminate\\Support\\Facades\\Facade::__callStatic('attempt', Array)
#6 D:\\xampp\\htdocs\\l2euforia-api\\vendor\\illuminate\\container\\BoundMethod.php(36): App\\Http\\Controllers\\AuthController->login(Object(Laravel\\Lumen\\Http\\Request))
#7 D:\\xampp\\htdocs\\l2euforia-api\\vendor\\illuminate\\container\\Util.php(41): Illuminate\\Container\\BoundMethod::Illuminate\\Container\\{closure}()
#8 D:\\xampp\\htdocs\\l2euforia-api\\vendor\\illuminate\\container\\BoundMethod.php(93): Illuminate\\Container\\Util::unwrapIfClosure(Object(Closure))
#9 D:\\xampp\\htdocs\\l2euforia-api\\vendor\\illuminate\\container\\BoundMethod.php(37): Illuminate\\Container\\BoundMethod::callBoundMethod(Object(Laravel\\Lumen\\Application), Array, Object(Closure))
#10 D:\\xampp\\htdocs\\l2euforia-api\\vendor\\illuminate\\container\\Container.php(651): Illuminate\\Container\\BoundMethod::call(Object(Laravel\\Lumen\\Application), Array, Array, NULL)
#11 D:\\xampp\\htdocs\\l2euforia-api\\vendor\\laravel\\lumen-framework\\src\\Concerns\\RoutesRequests.php(389): Illuminate\\Container\\Container->call(Array, Array)
#12 D:\\xampp\\htdocs\\l2euforia-api\\vendor\\laravel\\lumen-framework\\src\\Concerns\\RoutesRequests.php(355): Laravel\\Lumen\\Application->callControllerCallable(Array, Array)
#13 D:\\xampp\\htdocs\\l2euforia-api\\vendor\\laravel\\lumen-framework\\src\\Concerns\\RoutesRequests.php(329): Laravel\\Lumen\\Application->callLumenController(Object(App\\Http\\Controllers\\AuthController), 'login', Array)
#14 D:\\xampp\\htdocs\\l2euforia-api\\vendor\\laravel\\lumen-framework\\src\\Concerns\\RoutesRequests.php(282): Laravel\\Lumen\\Application->callControllerAction(Array)
#15 D:\\xampp\\htdocs\\l2euforia-api\\vendor\\laravel\\lumen-framework\\src\\Concerns\\RoutesRequests.php(267): Laravel\\Lumen\\Application->callActionOnArrayBasedRoute(Array)
#16 D:\\xampp\\htdocs\\l2euforia-api\\vendor\\laravel\\lumen-framework\\src\\Concerns\\RoutesRequests.php(169): Laravel\\Lumen\\Application->handleFoundRoute(Array)
#17 D:\\xampp\\htdocs\\l2euforia-api\\vendor\\laravel\\lumen-framework\\src\\Concerns\\RoutesRequests.php(429): Laravel\\Lumen\\Application->Laravel\\Lumen\\Concerns\\{closure}(Object(Laravel\\Lumen\\Http\\Request))
#18 D:\\xampp\\htdocs\\l2euforia-api\\vendor\\laravel\\lumen-framework\\src\\Concerns\\RoutesRequests.php(175): Laravel\\Lumen\\Application->sendThroughPipeline(Array, Object(Closure))
#19 D:\\xampp\\htdocs\\l2euforia-api\\vendor\\laravel\\lumen-framework\\src\\Concerns\\RoutesRequests.php(112): Laravel\\Lumen\\Application->dispatch(NULL)
#20 D:\\xampp\\htdocs\\l2euforia-api\\public\\index.php(28): Laravel\\Lumen\\Application->run()
#21 {main}
"} 
